<?xml version="1.0" encoding="UTF-8"?>
<!-- Generated by org.testng.reporters.JUnitReportReporter -->
<testsuite skipped="0" hostname="WFMAC22.local" name="com.rightmove.qa.testcases.RentSearchPageTest" tests="1" failures="0" timestamp="20 Jun 2018 11:01:05 GMT" time="3.326" errors="0">
  <testcase name="verifyRentHeaderTitleTest" time="3.326" classname="com.rightmove.qa.testcases.RentSearchPageTest"/>
</testsuite> <!-- com.rightmove.qa.testcases.RentSearchPageTest -->
