<?xml version="1.0" encoding="UTF-8"?>
<!-- Generated by org.testng.reporters.JUnitReportReporter -->
<testsuite skipped="0" hostname="WFMAC22.local" name="com.rightmove.qa.testcases.BuySearchPageTest" tests="1" failures="0" timestamp="20 Jun 2018 11:01:05 GMT" time="2.970" errors="0">
  <testcase name="verifyBuyHeaderTitleTest" time="2.970" classname="com.rightmove.qa.testcases.BuySearchPageTest"/>
</testsuite> <!-- com.rightmove.qa.testcases.BuySearchPageTest -->
